{
  "RSpec": {
    "coverage": {
      "/home/moe/code/blackbox/lib/blackbox/version.rb": [
        1,
        1,
        null
      ],
      "/home/moe/code/blackbox/spec/crypto_spec.rb": [
        1,
        1,
        1,
        null,
        1,
        null,
        null,
        null,
        null,
        null,
        null,
        null,
        null,
        null,
        1,
        1,
        1,
        1,
        null,
        1,
        1,
        41,
        null,
        null,
        41,
        123,
        123,
        123,
        123,
        123,
        123,
        null,
        null,
        123,
        123,
        123,
        123,
        null,
        null,
        123,
        123,
        123,
        123,
        null,
        null,
        123,
        123,
        123,
        123,
        null,
        null,
        null,
        null,
        41,
        41,
        41,
        41,
        null,
        null,
        null,
        41,
        41,
        41,
        41,
        null,
        null,
        null,
        null,
        null,
        null
      ],
      "/home/moe/code/blackbox/lib/blackbox/crypto.rb": [
        1,
        1,
        null,
        1,
        null,
        1,
        1,
        null,
        null,
        null,
        null,
        null,
        null,
        null,
        null,
        1,
        697,
        697,
        697,
        697,
        328,
        328,
        null,
        369,
        369,
        null,
        null,
        null,
        null,
        null,
        null,
        null,
        null,
        null,
        null,
        1,
        369,
        369,
        369,
        369,
        246,
        246,
        180,
        null,
        null,
        123,
        null,
        369,
        null,
        null,
        null,
        null,
        null,
        null,
        null,
        null,
        null,
        null,
        1,
        246,
        null,
        null,
        null,
        null,
        null,
        null,
        null,
        null,
        null,
        1,
        123,
        null,
        null,
        null,
        null,
        null,
        null,
        null,
        null,
        null,
        null,
        1,
        246,
        null,
        null,
        null,
        null,
        null,
        null,
        null,
        null,
        null,
        1,
        123,
        null,
        null,
        null,
        null,
        null
      ],
      "/home/moe/code/blackbox/spec/hash_spec.rb": [
        1,
        1,
        null,
        1,
        1,
        1,
        1,
        1,
        1,
        null,
        null,
        1,
        1,
        1,
        1,
        null,
        null,
        null,
        null,
        1,
        1,
        1,
        null,
        null,
        null,
        null,
        null,
        null,
        null,
        null,
        null,
        1,
        null,
        null,
        null,
        null,
        null,
        null,
        null,
        null,
        null,
        null,
        null,
        null,
        null,
        null,
        1,
        null,
        null,
        null,
        null
      ],
      "/home/moe/code/blackbox/lib/blackbox/hash.rb": [
        1,
        null,
        1,
        1,
        null,
        null,
        null,
        null,
        1,
        7,
        null,
        null,
        null,
        null,
        null,
        null,
        null,
        null,
        null,
        null,
        null,
        null,
        null,
        null,
        null,
        null,
        null,
        null,
        null,
        null,
        null,
        1,
        10,
        22,
        22,
        null,
        9,
        null,
        4,
        null,
        9,
        null,
        null,
        10,
        null,
        null,
        null,
        null,
        null
      ],
      "/home/moe/code/blackbox/spec/string_spec.rb": [
        1,
        1,
        null,
        1,
        1,
        1,
        1,
        1,
        1,
        null,
        null,
        null,
        null
      ],
      "/home/moe/code/blackbox/lib/blackbox/string.rb": [
        1,
        null,
        1,
        1,
        null,
        null,
        null,
        null,
        1,
        null,
        null,
        1,
        null,
        null,
        null,
        null,
        null
      ]
    },
    "timestamp": 1364604485
  }
}
