{
  "RSpec": {
    "coverage": {
      "/home/moe/code/blackbox/lib/blackbox/crypto.rb": [
        1,
        1,
        null,
        1,
        null,
        1,
        1,
        null,
        null,
        null,
        null,
        null,
        null,
        null,
        null,
        1,
        697,
        697,
        697,
        697,
        328,
        328,
        null,
        369,
        369,
        null,
        null,
        null,
        null,
        null,
        null,
        null,
        null,
        null,
        null,
        1,
        369,
        369,
        369,
        369,
        246,
        246,
        180,
        null,
        null,
        123,
        null,
        369,
        null,
        null,
        null,
        null,
        null,
        null,
        null,
        null,
        null,
        null,
        1,
        246,
        null,
        null,
        null,
        null,
        null,
        null,
        null,
        null,
        null,
        1,
        123,
        null,
        null,
        null,
        null,
        null,
        null,
        null,
        null,
        null,
        null,
        1,
        246,
        null,
        null,
        null,
        null,
        null,
        null,
        null,
        null,
        null,
        1,
        123,
        null,
        null,
        null,
        null,
        null
      ],
      "/home/moe/code/blackbox/lib/blackbox/hash.rb": [
        1,
        null,
        1,
        1,
        null,
        null,
        null,
        null,
        1,
        100,
        null,
        null,
        null,
        null,
        null,
        null,
        null,
        null,
        null,
        null,
        null,
        null,
        null,
        null,
        null,
        null,
        null,
        null,
        null,
        null,
        null,
        1,
        10,
        22,
        22,
        null,
        9,
        null,
        4,
        null,
        9,
        null,
        null,
        10,
        null,
        null,
        null,
        null,
        null
      ],
      "/home/moe/code/blackbox/lib/blackbox/number.rb": [
        1,
        null,
        1,
        null,
        1,
        1,
        1,
        null,
        null,
        null,
        null,
        null,
        null,
        null,
        null,
        null,
        null,
        null,
        null,
        null,
        null,
        null,
        null,
        null,
        null,
        null,
        null,
        null,
        null,
        null,
        null,
        null,
        null,
        null,
        null,
        null,
        null,
        null,
        null,
        null,
        null,
        null,
        null,
        null,
        1,
        11,
        null,
        11,
        null,
        11,
        11,
        11,
        11,
        11,
        null,
        11,
        null,
        1,
        null,
        10,
        10,
        10,
        10,
        10,
        null,
        10,
        null,
        10,
        10,
        10,
        null,
        null,
        null,
        null,
        10,
        0,
        0,
        null,
        null,
        null,
        null,
        null,
        null,
        null,
        null,
        null,
        null,
        null,
        null,
        null,
        null,
        null,
        null,
        null,
        null,
        null,
        null,
        null,
        null,
        null,
        null,
        null,
        null,
        null,
        null,
        null,
        null,
        1,
        11,
        null,
        11,
        11,
        11,
        null,
        11,
        11,
        11,
        null,
        null,
        null,
        0,
        null,
        null,
        null,
        null,
        null,
        null,
        null,
        null,
        null,
        null,
        null,
        null,
        null,
        null,
        null,
        null,
        null,
        null,
        null,
        null,
        null,
        null,
        null,
        null,
        null,
        null,
        null,
        1,
        12,
        null,
        12,
        12,
        null,
        12,
        12,
        12,
        12,
        null,
        0,
        null,
        null,
        null,
        null,
        null,
        null
      ],
      "/home/moe/code/blackbox/lib/blackbox/string.rb": [
        1,
        null,
        1,
        1,
        null,
        null,
        null,
        null,
        1,
        null,
        null,
        1,
        null,
        null,
        null,
        null,
        null
      ]
    },
    "timestamp": 1448213472
  }
}
